#
# A fatal error has been detected by the Java Runtime Environment:
#
#  SIGSEGV (0xb) at pc=0x00007fa99db18323, pid=6856, tid=140366117586688
#
# JRE version: Java(TM) SE Runtime Environment (8.0_91-b14) (build 1.8.0_91-b14)
# Java VM: Java HotSpot(TM) 64-Bit Server VM (25.91-b14 mixed mode linux-amd64 compressed oops)
# Problematic frame:
# V  [libjvm.so+0x3fe323]  CardTableExtension::scavenge_contents_parallel(ObjectStartArray*, MutableSpace*, HeapWord*, PSPromotionManager*, unsigned int, unsigned int)+0x573
#
# Failed to write core dump. Core dumps have been disabled. To enable core dumping, try "ulimit -c unlimited" before starting Java again
#
# If you would like to submit a bug report, please visit:
#   http://bugreport.java.com/bugreport/crash.jsp
#

---------------  T H R E A D  ---------------

Current thread (0x00007fa998024800):  GCTaskThread [stack: 0x00007fa98883c000,0x00007fa98893d000] [id=6866]

siginfo: si_signo: 11 (SIGSEGV), si_code: 1 (SEGV_MAPERR), si_addr: 0x0000000610dadbc8

Registers:
RAX=0x00007fa99e69d490, RBX=0x00000000c21b5b60, RCX=0x0000000000000003, RDX=0x00007fa99e6c1879
RSP=0x00007fa98893bb20, RBP=0x00007fa98893bbd0, RSI=0x0000000000000002, RDI=0x0000000610dadbc0
R8 =0x00007fa99e69d480, R9 =0x00007fa998075798, R10=0x00007fa98893bac0, R11=0x00007fa98893bad0
R12=0x00000000c21c0010, R13=0x00007fa99c194e01, R14=0x00007fa99801b080, R15=0x00007fa99c194e01
RIP=0x00007fa99db18323, EFLAGS=0x0000000000010206, CSGSFS=0x0000000000000033, ERR=0x0000000000000004
  TRAPNO=0x000000000000000e

Top of Stack: (sp=0x00007fa98893bb20)
0x00007fa98893bb20:   00007fa99801ef10 00007fa99c194e00
0x00007fa98893bb30:   00007fa99c194d81 00007fa99e6c1879
0x00007fa98893bb40:   00007fa998075700 00000000c63c4e68
0x00007fa98893bb50:   00007fa99801adc0 00007fa99c1b5e28
0x00007fa98893bb60:   00000000c21806d0 0000000000000200
0x00007fa98893bb70:   00000000c21c0010 00007fa99c194d80
0x00007fa98893bb80:   0000000000000240 00007fa99c194e00
0x00007fa98893bb90:   00007fa99c194f80 00007fa99c194e01
0x00007fa98893bba0:   00007fa99c194d80 00007fa998027160
0x00007fa98893bbb0:   00007fa998075700 0000000000000001
0x00007fa98893bbc0:   00007fa998025000 00007fa99e26016c
0x00007fa98893bbd0:   00007fa98893bc00 00007fa99e0a36cb
0x00007fa98893bbe0:   00007fa900000004 0000000000000001
0x00007fa98893bbf0:   00007fa998027160 00007fa998024800
0x00007fa98893bc00:   00007fa98893bd10 00007fa99dcef84f
0x00007fa98893bc10:   0000000000000000 00007fa98893bc50
0x00007fa98893bc20:   00007fa98893bcd0 0000000000000000
0x00007fa98893bc30:   00007fa998025040 00007fa998025050
0x00007fa98893bc40:   00007fa998025428 00000000000003d8
0x00007fa98893bc50:   00007fa998024800 00007fa998025430
0x00007fa98893bc60:   00007fa998025470 00007fa998025480
0x00007fa98893bc70:   00007fa998025558 00000000000000d8
0x00007fa98893bc80:   00007fa98893bc90 00007fa99dff3247
0x00007fa98893bc90:   00007fa998024800 00007fa998025430
0x00007fa98893bca0:   00007fa998025470 00007fa998025480
0x00007fa98893bcb0:   00007fa998025558 00000000000000d8
0x00007fa98893bcc0:   00007fa998025690 00007fa99dff3b06
0x00007fa98893bcd0:   0000000000000000 00007fa998024800
0x00007fa98893bce0:   00007fa98893bd10 0000000000000000
0x00007fa98893bcf0:   00007fa998026000 00007fa998025f10
0x00007fa98893bd00:   00007fa998024800 0000000000000003
0x00007fa98893bd10:   00007fa98893bee0 00007fa99e038f78 

Instructions: (pc=0x00007fa99db18323)
0x00007fa99db18303:   04 00 00 48 98 48 89 45 b0 eb 6d 66 90 48 8b 05
0x00007fa99db18313:   91 61 b6 00 8b 7b 08 8b 48 08 48 d3 e7 48 03 38
0x00007fa99db18323:   81 7f 08 ff ff ff bf 76 70 48 8b 8d 68 ff ff ff
0x00007fa99db18333:   0f b6 11 84 d2 0f 84 22 04 00 00 48 8b 05 63 61 

Register to memory mapping:

RAX=0x00007fa99e69d490: <offset 0xf83490> in /usr/lib/jvm/java-8-oracle/jre/lib/amd64/server/libjvm.so at 0x00007fa99d71a000
RBX=0x00000000c21b5b60 is pointing into object: 0x00000000c21b5b50
com.android.dx.rop.code.ThrowingCstInsn 
 - klass: 'com/android/dx/rop/code/ThrowingCstInsn'
RCX=0x0000000000000003 is an unknown value
RDX=0x00007fa99e6c1879: <offset 0xfa7879> in /usr/lib/jvm/java-8-oracle/jre/lib/amd64/server/libjvm.so at 0x00007fa99d71a000
RSP=0x00007fa98893bb20 is an unknown value
RBP=0x00007fa98893bbd0 is an unknown value
RSI=0x0000000000000002 is an unknown value
RDI=0x0000000610dadbc0 is an unknown value
R8 =0x00007fa99e69d480: <offset 0xf83480> in /usr/lib/jvm/java-8-oracle/jre/lib/amd64/server/libjvm.so at 0x00007fa99d71a000
R9 =0x00007fa998075798 is an unknown value
R10=0x00007fa98893bac0 is an unknown value
R11=0x00007fa98893bad0 is an unknown value
R12=0x00000000c21c0010 is an oop
com.android.dx.dex.code.CstInsn 
 - klass: 'com/android/dx/dex/code/CstInsn'
R13=0x00007fa99c194e01 is an unknown value
R14=0x00007fa99801b080 is an unknown value
R15=0x00007fa99c194e01 is an unknown value


Stack: [0x00007fa98883c000,0x00007fa98893d000],  sp=0x00007fa98893bb20,  free space=1022k
Native frames: (J=compiled Java code, j=interpreted, Vv=VM code, C=native code)
V  [libjvm.so+0x3fe323]  CardTableExtension::scavenge_contents_parallel(ObjectStartArray*, MutableSpace*, HeapWord*, PSPromotionManager*, unsigned int, unsigned int)+0x573
V  [libjvm.so+0x9896cb]  OldToYoungRootsTask::do_it(GCTaskManager*, unsigned int)+0x4b
V  [libjvm.so+0x5d584f]  GCTaskThread::run()+0x12f
V  [libjvm.so+0x91ef78]  java_start(Thread*)+0x108


---------------  P R O C E S S  ---------------

Java Threads: ( => current thread )
  0x00007fa9981ee000 JavaThread "pool-2-thread-4" [_thread_blocked, id=6880, stack(0x00007fa97b514000,0x00007fa97b615000)]
  0x00007fa9981ec000 JavaThread "pool-2-thread-3" [_thread_blocked, id=6879, stack(0x00007fa97b615000,0x00007fa97b716000)]
  0x00007fa9981ea800 JavaThread "pool-2-thread-2" [_thread_blocked, id=6878, stack(0x00007fa97b716000,0x00007fa97b817000)]
  0x00007fa9981e9800 JavaThread "pool-3-thread-1" [_thread_blocked, id=6877, stack(0x00007fa97b817000,0x00007fa97b918000)]
  0x00007fa9981e7000 JavaThread "pool-2-thread-1" [_thread_blocked, id=6876, stack(0x00007fa97b918000,0x00007fa97ba19000)]
  0x00007fa9980d2800 JavaThread "Service Thread" daemon [_thread_blocked, id=6874, stack(0x00007fa97bbfc000,0x00007fa97bcfd000)]
  0x00007fa9980bd000 JavaThread "C1 CompilerThread2" daemon [_thread_blocked, id=6873, stack(0x00007fa97bcfd000,0x00007fa97bdfe000)]
  0x00007fa9980bb800 JavaThread "C2 CompilerThread1" daemon [_thread_blocked, id=6872, stack(0x00007fa97bdfe000,0x00007fa97beff000)]
  0x00007fa9980b8800 JavaThread "C2 CompilerThread0" daemon [_thread_blocked, id=6871, stack(0x00007fa97beff000,0x00007fa97c000000)]
  0x00007fa9980b7000 JavaThread "Signal Dispatcher" daemon [_thread_blocked, id=6870, stack(0x00007fa980088000,0x00007fa980189000)]
  0x00007fa998084000 JavaThread "Finalizer" daemon [_thread_blocked, id=6869, stack(0x00007fa98086d000,0x00007fa98096e000)]
  0x00007fa99807f800 JavaThread "Reference Handler" daemon [_thread_blocked, id=6868, stack(0x00007fa98096e000,0x00007fa980a6f000)]
  0x00007fa99800a000 JavaThread "main" [_thread_blocked, id=6860, stack(0x00007fa99f1ef000,0x00007fa99f2f0000)]

Other Threads:
  0x00007fa998078000 VMThread [stack: 0x00007fa980a6f000,0x00007fa980b70000] [id=6867]
  0x00007fa9980d5000 WatcherThread [stack: 0x00007fa97bafb000,0x00007fa97bbfc000] [id=6875]

=>0x00007fa998024800 (exited) GCTaskThread [stack: 0x00007fa98883c000,0x00007fa98893d000] [id=6866]

VM state:at safepoint (normal execution)

VM Mutex/Monitor currently owned by a thread:  ([mutex/lock_event])
[0x00007fa998006600] Threads_lock - owner thread: 0x00007fa998078000
[0x00007fa998006b00] Heap_lock - owner thread: 0x00007fa9981ec000

Heap:
 PSYoungGen      total 231936K, used 226125K [0x00000000eab00000, 0x0000000100000000, 0x0000000100000000)
  eden space 197632K, 100% used [0x00000000eab00000,0x00000000f6c00000,0x00000000f6c00000)
  from space 34304K, 83% used [0x00000000fde80000,0x00000000ffa53420,0x0000000100000000)
  to   space 75776K, 17% used [0x00000000f6c00000,0x00000000f78f6fb0,0x00000000fb600000)
 ParOldGen       total 205824K, used 115681K [0x00000000c0000000, 0x00000000cc900000, 0x00000000eab00000)
  object space 205824K, 56% used [0x00000000c0000000,0x00000000c70f85c0,0x00000000cc900000)
 Metaspace       used 6542K, capacity 7256K, committed 7424K, reserved 1056768K
  class space    used 615K, capacity 656K, committed 768K, reserved 1048576K

Card table byte_map: [0x00007fa99c184000,0x00007fa99c385000] byte_map_base: 0x00007fa99bb84000

Marking Bits: (ParMarkBitMap*) 0x00007fa99e6d0d60
 Begin Bits: [0x00007fa982000000, 0x00007fa983000000)
 End Bits:   [0x00007fa983000000, 0x00007fa984000000)

Polling page: 0x00007fa99f311000

CodeCache: size=245760Kb used=9936Kb max_used=9942Kb free=235823Kb
 bounds [0x00007fa989000000, 0x00007fa9899c0000, 0x00007fa998000000]
 total_blobs=2607 nmethods=2338 adapters=182
 compilation: enabled

Compilation events (10 events):
Event: 8.728 Thread 0x00007fa9980bd000 2592       2       com.android.dx.cf.direct.AnnotationParser::parseElement (100 bytes)
Event: 8.730 Thread 0x00007fa9980bd000 nmethod 2592 0x00007fa9899a5c90 code [0x00007fa9899a5f80, 0x00007fa9899a6c88]
Event: 8.735 Thread 0x00007fa9980bd000 2593       3       com.android.dx.cf.iface.StdAttributeList::findNext (85 bytes)
Event: 8.736 Thread 0x00007fa9980bd000 nmethod 2593 0x00007fa9899a4ad0 code [0x00007fa9899a4cc0, 0x00007fa9899a58a8]
Event: 8.750 Thread 0x00007fa9980bd000 2594 %     3       com.android.dx.cf.iface.StdAttributeList::byteLength @ 9 (35 bytes)
Event: 8.750 Thread 0x00007fa9980bd000 nmethod 2594% 0x00007fa9899a4010 code [0x00007fa9899a41c0, 0x00007fa9899a4878]
Event: 8.752 Thread 0x00007fa9980bd000 2595 %     3       java.util.HashMap$TreeNode::find @ 3 (172 bytes)
Event: 8.753 Thread 0x00007fa9980bd000 nmethod 2595% 0x00007fa9899a2ed0 code [0x00007fa9899a30c0, 0x00007fa9899a3c78]
Event: 8.753 Thread 0x00007fa9980bd000 2596   !   3       com.android.dx.rop.type.Prototype::intern (233 bytes)
Event: 8.757 Thread 0x00007fa9980bd000 nmethod 2596 0x00007fa98999f6d0 code [0x00007fa98999faa0, 0x00007fa9899a1a58]

GC Heap History (10 events):
Event: 3.325 GC heap after
Heap after GC invocations=5 (full 0):
 PSYoungGen      total 161792K, used 6112K [0x00000000eab00000, 0x0000000100000000, 0x0000000100000000)
  eden space 155648K, 0% used [0x00000000eab00000,0x00000000eab00000,0x00000000f4300000)
  from space 6144K, 99% used [0x00000000f4300000,0x00000000f48f83f0,0x00000000f4900000)
  to   space 27648K, 0% used [0x00000000fe500000,0x00000000fe500000,0x0000000100000000)
 ParOldGen       total 102400K, used 31975K [0x00000000c0000000, 0x00000000c6400000, 0x00000000eab00000)
  object space 102400K, 31% used [0x00000000c0000000,0x00000000c1f39ed8,0x00000000c6400000)
 Metaspace       used 6156K, capacity 7064K, committed 7424K, reserved 1056768K
  class space    used 615K, capacity 656K, committed 768K, reserved 1048576K
}
Event: 4.222 GC heap before
{Heap before GC invocations=6 (full 0):
 PSYoungGen      total 161792K, used 161760K [0x00000000eab00000, 0x0000000100000000, 0x0000000100000000)
  eden space 155648K, 100% used [0x00000000eab00000,0x00000000f4300000,0x00000000f4300000)
  from space 6144K, 99% used [0x00000000f4300000,0x00000000f48f83f0,0x00000000f4900000)
  to   space 27648K, 0% used [0x00000000fe500000,0x00000000fe500000,0x0000000100000000)
 ParOldGen       total 102400K, used 31975K [0x00000000c0000000, 0x00000000c6400000, 0x00000000eab00000)
  object space 102400K, 31% used [0x00000000c0000000,0x00000000c1f39ed8,0x00000000c6400000)
 Metaspace       used 6338K, capacity 7192K, committed 7424K, reserved 1056768K
  class space    used 615K, capacity 656K, committed 768K, reserved 1048576K
Event: 4.271 GC heap after
Heap after GC invocations=6 (full 0):
 PSYoungGen      total 308224K, used 27447K [0x00000000eab00000, 0x0000000100000000, 0x0000000100000000)
  eden space 280576K, 0% used [0x00000000eab00000,0x00000000eab00000,0x00000000fbd00000)
  from space 27648K, 99% used [0x00000000fe500000,0x00000000fffcddb0,0x0000000100000000)
  to   space 34304K, 0% used [0x00000000fbd00000,0x00000000fbd00000,0x00000000fde80000)
 ParOldGen       total 102400K, used 31975K [0x00000000c0000000, 0x00000000c6400000, 0x00000000eab00000)
  object space 102400K, 31% used [0x00000000c0000000,0x00000000c1f39ed8,0x00000000c6400000)
 Metaspace       used 6338K, capacity 7192K, committed 7424K, reserved 1056768K
  class space    used 615K, capacity 656K, committed 768K, reserved 1048576K
}
Event: 5.479 GC heap before
{Heap before GC invocations=7 (full 0):
 PSYoungGen      total 308224K, used 308023K [0x00000000eab00000, 0x0000000100000000, 0x0000000100000000)
  eden space 280576K, 100% used [0x00000000eab00000,0x00000000fbd00000,0x00000000fbd00000)
  from space 27648K, 99% used [0x00000000fe500000,0x00000000fffcddb0,0x0000000100000000)
  to   space 34304K, 0% used [0x00000000fbd00000,0x00000000fbd00000,0x00000000fde80000)
 ParOldGen       total 102400K, used 31975K [0x00000000c0000000, 0x00000000c6400000, 0x00000000eab00000)
  object space 102400K, 31% used [0x00000000c0000000,0x00000000c1f39ed8,0x00000000c6400000)
 Metaspace       used 6462K, capacity 7256K, committed 7424K, reserved 1056768K
  class space    used 615K, capacity 656K, committed 768K, reserved 1048576K
Event: 5.604 GC heap after
Heap after GC invocations=7 (full 0):
 PSYoungGen      total 314880K, used 34294K [0x00000000eab00000, 0x0000000100000000, 0x0000000100000000)
  eden space 280576K, 0% used [0x00000000eab00000,0x00000000eab00000,0x00000000fbd00000)
  from space 34304K, 99% used [0x00000000fbd00000,0x00000000fde7d998,0x00000000fde80000)
  to   space 34304K, 0% used [0x00000000fde80000,0x00000000fde80000,0x0000000100000000)
 ParOldGen       total 102400K, used 62241K [0x00000000c0000000, 0x00000000c6400000, 0x00000000eab00000)
  object space 102400K, 60% used [0x00000000c0000000,0x00000000c3cc85f8,0x00000000c6400000)
 Metaspace       used 6462K, capacity 7256K, committed 7424K, reserved 1056768K
  class space    used 615K, capacity 656K, committed 768K, reserved 1048576K
}
Event: 6.883 GC heap before
{Heap before GC invocations=8 (full 0):
 PSYoungGen      total 314880K, used 314870K [0x00000000eab00000, 0x0000000100000000, 0x0000000100000000)
  eden space 280576K, 100% used [0x00000000eab00000,0x00000000fbd00000,0x00000000fbd00000)
  from space 34304K, 99% used [0x00000000fbd00000,0x00000000fde7d998,0x00000000fde80000)
  to   space 34304K, 0% used [0x00000000fde80000,0x00000000fde80000,0x0000000100000000)
 ParOldGen       total 102400K, used 62241K [0x00000000c0000000, 0x00000000c6400000, 0x00000000eab00000)
  object space 102400K, 60% used [0x00000000c0000000,0x00000000c3cc85f8,0x00000000c6400000)
 Metaspace       used 6517K, capacity 7256K, committed 7424K, reserved 1056768K
  class space    used 615K, capacity 656K, committed 768K, reserved 1048576K
Event: 7.049 GC heap after
Heap after GC invocations=8 (full 0):
 PSYoungGen      total 231936K, used 34291K [0x00000000eab00000, 0x0000000100000000, 0x0000000100000000)
  eden space 197632K, 0% used [0x00000000eab00000,0x00000000eab00000,0x00000000f6c00000)
  from space 34304K, 99% used [0x00000000fde80000,0x00000000ffffcd58,0x0000000100000000)
  to   space 75776K, 0% used [0x00000000f6c00000,0x00000000f6c00000,0x00000000fb600000)
 ParOldGen       total 102400K, used 101355K [0x00000000c0000000, 0x00000000c6400000, 0x00000000eab00000)
  object space 102400K, 98% used [0x00000000c0000000,0x00000000c62faea0,0x00000000c6400000)
 Metaspace       used 6517K, capacity 7256K, committed 7424K, reserved 1056768K
  class space    used 615K, capacity 656K, committed 768K, reserved 1048576K
}
Event: 7.049 GC heap before
{Heap before GC invocations=9 (full 1):
 PSYoungGen      total 231936K, used 34291K [0x00000000eab00000, 0x0000000100000000, 0x0000000100000000)
  eden space 197632K, 0% used [0x00000000eab00000,0x00000000eab00000,0x00000000f6c00000)
  from space 34304K, 99% used [0x00000000fde80000,0x00000000ffffcd58,0x0000000100000000)
  to   space 75776K, 0% used [0x00000000f6c00000,0x00000000f6c00000,0x00000000fb600000)
 ParOldGen       total 102400K, used 101355K [0x00000000c0000000, 0x00000000c6400000, 0x00000000eab00000)
  object space 102400K, 98% used [0x00000000c0000000,0x00000000c62faea0,0x00000000c6400000)
 Metaspace       used 6517K, capacity 7256K, committed 7424K, reserved 1056768K
  class space    used 615K, capacity 656K, committed 768K, reserved 1048576K
Event: 7.995 GC heap after
Heap after GC invocations=9 (full 1):
 PSYoungGen      total 231936K, used 28493K [0x00000000eab00000, 0x0000000100000000, 0x0000000100000000)
  eden space 197632K, 0% used [0x00000000eab00000,0x00000000eab00000,0x00000000f6c00000)
  from space 34304K, 83% used [0x00000000fde80000,0x00000000ffa53420,0x0000000100000000)
  to   space 75776K, 0% used [0x00000000f6c00000,0x00000000f6c00000,0x00000000fb600000)
 ParOldGen       total 205824K, used 102163K [0x00000000c0000000, 0x00000000cc900000, 0x00000000eab00000)
  object space 205824K, 49% used [0x00000000c0000000,0x00000000c63c4e68,0x00000000cc900000)
 Metaspace       used 6517K, capacity 7256K, committed 7424K, reserved 1056768K
  class space    used 615K, capacity 656K, committed 768K, reserved 1048576K
}
Event: 8.767 GC heap before
{Heap before GC invocations=10 (full 1):
 PSYoungGen      total 231936K, used 226125K [0x00000000eab00000, 0x0000000100000000, 0x0000000100000000)
  eden space 197632K, 100% used [0x00000000eab00000,0x00000000f6c00000,0x00000000f6c00000)
  from space 34304K, 83% used [0x00000000fde80000,0x00000000ffa53420,0x0000000100000000)
  to   space 75776K, 0% used [0x00000000f6c00000,0x00000000f6c00000,0x00000000fb600000)
 ParOldGen       total 205824K, used 102163K [0x00000000c0000000, 0x00000000cc900000, 0x00000000eab00000)
  object space 205824K, 49% used [0x00000000c0000000,0x00000000c63c4e68,0x00000000cc900000)
 Metaspace       used 6542K, capacity 7256K, committed 7424K, reserved 1056768K
  class space    used 615K, capacity 656K, committed 768K, reserved 1048576K

Deoptimization events (10 events):
Event: 4.916 Thread 0x00007fa9981ee000 Uncommon trap: reason=unstable_if action=reinterpret pc=0x00007fa9895ce08c method=com.android.dx.dex.code.OutputFinisher.hasLocalInfo(Lcom/android/dx/dex/code/DalvInsn;)Z @ 24
Event: 4.959 Thread 0x00007fa99800a000 Uncommon trap: reason=unstable_if action=reinterpret pc=0x00007fa98975fd94 method=com.android.dx.ssa.SCCP.simulateBranch(Lcom/android/dx/ssa/SsaInsn;)V @ 64
Event: 5.649 Thread 0x00007fa99800a000 Uncommon trap: reason=unstable_if action=reinterpret pc=0x00007fa98987aa24 method=com.android.dx.cf.code.BaseMachine.getLocalTarget(Z)Lcom/android/dx/rop/code/RegisterSpec; @ 131
Event: 5.922 Thread 0x00007fa9981e7000 Uncommon trap: reason=unstable_if action=reinterpret pc=0x00007fa98983799c method=com.android.dx.ssa.DeadCodeRemover.pruneDeadInstructions()V @ 49
Event: 8.305 Thread 0x00007fa9981ea800 Uncommon trap: reason=unstable_if action=reinterpret pc=0x00007fa989959e14 method=java.util.BitSet.clone()Ljava/lang/Object; @ 4
Event: 8.447 Thread 0x00007fa9981ea800 Uncommon trap: reason=unstable_if action=reinterpret pc=0x00007fa989976e0c method=java.util.BitSet.clone()Ljava/lang/Object; @ 4
Event: 8.555 Thread 0x00007fa9981e7000 Uncommon trap: reason=bimorphic action=maybe_recompile pc=0x00007fa9898ce540 method=com.android.dx.rop.code.RegisterSpec.withSimpleType()Lcom/android/dx/rop/code/RegisterSpec; @ 21
Event: 8.570 Thread 0x00007fa9981e7000 Uncommon trap: reason=bimorphic action=maybe_recompile pc=0x00007fa9898ce540 method=com.android.dx.rop.code.RegisterSpec.withSimpleType()Lcom/android/dx/rop/code/RegisterSpec; @ 21
Event: 8.662 Thread 0x00007fa99800a000 Uncommon trap: reason=bimorphic action=maybe_recompile pc=0x00007fa9898ce540 method=com.android.dx.rop.code.RegisterSpec.withSimpleType()Lcom/android/dx/rop/code/RegisterSpec; @ 21
Event: 8.665 Thread 0x00007fa99800a000 Uncommon trap: reason=bimorphic action=maybe_recompile pc=0x00007fa9898ce540 method=com.android.dx.rop.code.RegisterSpec.withSimpleType()Lcom/android/dx/rop/code/RegisterSpec; @ 21

Internal exceptions (7 events):
Event: 0.027 Thread 0x00007fa99800a000 Exception <a 'java/lang/NoSuchMethodError': Method sun.misc.Unsafe.defineClass(Ljava/lang/String;[BII)Ljava/lang/Class; name or signature does not match> (0x00000000eab07cc0) thrown at [/HUDSON/workspace/8-2-build-linux-amd64/jdk8u91/6644/hotspot/src/shar
Event: 0.027 Thread 0x00007fa99800a000 Exception <a 'java/lang/NoSuchMethodError': Method sun.misc.Unsafe.prefetchRead(Ljava/lang/Object;J)V name or signature does not match> (0x00000000eab07fa8) thrown at [/HUDSON/workspace/8-2-build-linux-amd64/jdk8u91/6644/hotspot/src/share/vm/prims/jni.cpp
Event: 1.773 Thread 0x00007fa9981e7000 Implicit null exception at 0x00007fa9893a9c11 to 0x00007fa9893ac3d5
Event: 1.892 Thread 0x00007fa9981e7000 Implicit null exception at 0x00007fa98935a927 to 0x00007fa98935d14d
Event: 2.176 Thread 0x00007fa9981ea800 Exception <a 'java/lang/ArrayIndexOutOfBoundsException': 18> (0x00000000ec093d20) thrown at [/HUDSON/workspace/8-2-build-linux-amd64/jdk8u91/6644/hotspot/src/share/vm/interpreter/interpreterRuntime.cpp, line 366]
Event: 2.177 Thread 0x00007fa9981ea800 Exception <a 'java/lang/ArrayIndexOutOfBoundsException': 145> (0x00000000ec0958a0) thrown at [/HUDSON/workspace/8-2-build-linux-amd64/jdk8u91/6644/hotspot/src/share/vm/interpreter/interpreterRuntime.cpp, line 366]
Event: 2.178 Thread 0x00007fa9981ea800 Exception <a 'java/lang/ArrayIndexOutOfBoundsException': 40> (0x00000000ec096b88) thrown at [/HUDSON/workspace/8-2-build-linux-amd64/jdk8u91/6644/hotspot/src/share/vm/interpreter/interpreterRuntime.cpp, line 366]

Events (10 events):
Event: 8.570 Thread 0x00007fa9981e7000 DEOPT UNPACKING pc=0x00007fa989005229 sp=0x00007fa97ba16cc8 mode 2
Event: 8.609 Thread 0x00007fa9981ec000 DEOPT PACKING pc=0x00007fa989465bd8 sp=0x00007fa97b713f90
Event: 8.609 Thread 0x00007fa9981ec000 DEOPT UNPACKING pc=0x00007fa989047633 sp=0x00007fa97b713cb0 mode 0
Event: 8.662 Thread 0x00007fa99800a000 Uncommon trap: trap_request=0xffffffc6 fr.pc=0x00007fa9898ce540
Event: 8.662 Thread 0x00007fa99800a000 DEOPT PACKING pc=0x00007fa9898ce540 sp=0x00007fa99f2ed710
Event: 8.662 Thread 0x00007fa99800a000 DEOPT UNPACKING pc=0x00007fa989005229 sp=0x00007fa99f2ed6d8 mode 2
Event: 8.665 Thread 0x00007fa99800a000 Uncommon trap: trap_request=0xffffffc6 fr.pc=0x00007fa9898ce540
Event: 8.665 Thread 0x00007fa99800a000 DEOPT PACKING pc=0x00007fa9898ce540 sp=0x00007fa99f2ed710
Event: 8.665 Thread 0x00007fa99800a000 DEOPT UNPACKING pc=0x00007fa989005229 sp=0x00007fa99f2ed6d8 mode 2
Event: 8.767 Executing VM operation: ParallelGCFailedAllocation


Dynamic libraries:
00400000-00401000 r-xp 00000000 08:01 24547298                           /usr/lib/jvm/java-8-oracle/bin/java
00600000-00601000 rw-p 00000000 08:01 24547298                           /usr/lib/jvm/java-8-oracle/bin/java
01b81000-01ba2000 rw-p 00000000 00:00 0                                  [heap]
c0000000-cc900000 rw-p 00000000 00:00 0 
cc900000-eab00000 ---p 00000000 00:00 0 
eab00000-100000000 rw-p 00000000 00:00 0 
100000000-1000c0000 rw-p 00000000 00:00 0 
1000c0000-140000000 ---p 00000000 00:00 0 
7fa934000000-7fa934021000 rw-p 00000000 00:00 0 
7fa934021000-7fa938000000 ---p 00000000 00:00 0 
7fa93c000000-7fa93c021000 rw-p 00000000 00:00 0 
7fa93c021000-7fa940000000 ---p 00000000 00:00 0 
7fa940000000-7fa940024000 rw-p 00000000 00:00 0 
7fa940024000-7fa944000000 ---p 00000000 00:00 0 
7fa944000000-7fa94402c000 rw-p 00000000 00:00 0 
7fa94402c000-7fa948000000 ---p 00000000 00:00 0 
7fa948000000-7fa948021000 rw-p 00000000 00:00 0 
7fa948021000-7fa94c000000 ---p 00000000 00:00 0 
7fa94c000000-7fa94c021000 rw-p 00000000 00:00 0 
7fa94c021000-7fa950000000 ---p 00000000 00:00 0 
7fa950000000-7fa950021000 rw-p 00000000 00:00 0 
7fa950021000-7fa954000000 ---p 00000000 00:00 0 
7fa954000000-7fa955282000 rw-p 00000000 00:00 0 
7fa955282000-7fa958000000 ---p 00000000 00:00 0 
7fa958000000-7fa958ab9000 rw-p 00000000 00:00 0 
7fa958ab9000-7fa95c000000 ---p 00000000 00:00 0 
7fa95c000000-7fa95c021000 rw-p 00000000 00:00 0 
7fa95c021000-7fa960000000 ---p 00000000 00:00 0 
7fa960000000-7fa960f72000 rw-p 00000000 00:00 0 
7fa960f72000-7fa964000000 ---p 00000000 00:00 0 
7fa964000000-7fa964021000 rw-p 00000000 00:00 0 
7fa964021000-7fa968000000 ---p 00000000 00:00 0 
7fa968000000-7fa968021000 rw-p 00000000 00:00 0 
7fa968021000-7fa96c000000 ---p 00000000 00:00 0 
7fa96c000000-7fa96c28b000 rw-p 00000000 00:00 0 
7fa96c28b000-7fa970000000 ---p 00000000 00:00 0 
7fa970000000-7fa970021000 rw-p 00000000 00:00 0 
7fa970021000-7fa974000000 ---p 00000000 00:00 0 
7fa974000000-7fa974021000 rw-p 00000000 00:00 0 
7fa974021000-7fa978000000 ---p 00000000 00:00 0 
7fa97b514000-7fa97b517000 ---p 00000000 00:00 0 
7fa97b517000-7fa97b615000 rw-p 00000000 00:00 0 
7fa97b615000-7fa97b618000 ---p 00000000 00:00 0 
7fa97b618000-7fa97b716000 rw-p 00000000 00:00 0 
7fa97b716000-7fa97b719000 ---p 00000000 00:00 0 
7fa97b719000-7fa97b817000 rw-p 00000000 00:00 0 
7fa97b817000-7fa97b81a000 ---p 00000000 00:00 0 
7fa97b81a000-7fa97b918000 rw-p 00000000 00:00 0 
7fa97b918000-7fa97b91b000 ---p 00000000 00:00 0 
7fa97b91b000-7fa97ba19000 rw-p 00000000 00:00 0 
7fa97ba19000-7fa97bafb000 r--s 00978000 08:01 17446818                   /home/chandrasekhar/inkoniq/SourceCode/whatsloan-android/app/build/intermediates/transforms/jarMerging/debug/jars/1/1f/combined.jar
7fa97bafb000-7fa97bafc000 ---p 00000000 00:00 0 
7fa97bafc000-7fa97bbfc000 rw-p 00000000 00:00 0 
7fa97bbfc000-7fa97bbff000 ---p 00000000 00:00 0 
7fa97bbff000-7fa97bcfd000 rw-p 00000000 00:00 0 
7fa97bcfd000-7fa97bd00000 ---p 00000000 00:00 0 
7fa97bd00000-7fa97bdfe000 rw-p 00000000 00:00 0 
7fa97bdfe000-7fa97be01000 ---p 00000000 00:00 0 
7fa97be01000-7fa97beff000 rw-p 00000000 00:00 0 
7fa97beff000-7fa97bf02000 ---p 00000000 00:00 0 
7fa97bf02000-7fa97c000000 rw-p 00000000 00:00 0 
7fa97c000000-7fa97c021000 rw-p 00000000 00:00 0 
7fa97c021000-7fa980000000 ---p 00000000 00:00 0 
7fa980088000-7fa98008b000 ---p 00000000 00:00 0 
7fa98008b000-7fa980189000 rw-p 00000000 00:00 0 
7fa980189000-7fa98086d000 r--p 00000000 08:01 6297885                    /usr/lib/locale/locale-archive
7fa98086d000-7fa980870000 ---p 00000000 00:00 0 
7fa980870000-7fa98096e000 rw-p 00000000 00:00 0 
7fa98096e000-7fa980971000 ---p 00000000 00:00 0 
7fa980971000-7fa980a6f000 rw-p 00000000 00:00 0 
7fa980a6f000-7fa980a70000 ---p 00000000 00:00 0 
7fa980a70000-7fa981e80000 rw-p 00000000 00:00 0 
7fa981e80000-7fa982000000 ---p 00000000 00:00 0 
7fa982000000-7fa984000000 rw-p 00000000 00:00 0 
7fa984000000-7fa984021000 rw-p 00000000 00:00 0 
7fa984021000-7fa988000000 ---p 00000000 00:00 0 
7fa98809b000-7fa9883ed000 rw-p 00000000 00:00 0 
7fa9883ed000-7fa9885c6000 r--s 03d1f000 08:01 17842772                   /usr/lib/jvm/java-8-oracle/jre/lib/rt.jar
7fa9885c6000-7fa98883c000 rw-p 00000000 00:00 0 
7fa98883c000-7fa98883d000 ---p 00000000 00:00 0 
7fa98883d000-7fa98893d000 rw-p 00000000 00:00 0 
7fa98893d000-7fa98893e000 ---p 00000000 00:00 0 
7fa98893e000-7fa988a3e000 rw-p 00000000 00:00 0 
7fa988a3e000-7fa988a3f000 ---p 00000000 00:00 0 
7fa988a3f000-7fa988b3f000 rw-p 00000000 00:00 0 
7fa988b3f000-7fa988b40000 ---p 00000000 00:00 0 
7fa988b40000-7fa988c67000 rw-p 00000000 00:00 0 
7fa988c67000-7fa989000000 ---p 00000000 00:00 0 
7fa989000000-7fa9899c0000 rwxp 00000000 00:00 0 
7fa9899c0000-7fa998000000 ---p 00000000 00:00 0 
7fa998000000-7fa998424000 rw-p 00000000 00:00 0 
7fa998424000-7fa99c000000 ---p 00000000 00:00 0 
7fa99c02e000-7fa99c093000 rw-p 00000000 00:00 0 
7fa99c093000-7fa99c184000 ---p 00000000 00:00 0 
7fa99c184000-7fa99c1e9000 rw-p 00000000 00:00 0 
7fa99c1e9000-7fa99c2d9000 ---p 00000000 00:00 0 
7fa99c2d9000-7fa99c384000 rw-p 00000000 00:00 0 
7fa99c384000-7fa99c385000 rw-p 00000000 00:00 0 
7fa99c385000-7fa99c39f000 r-xp 00000000 08:01 17842825                   /usr/lib/jvm/java-8-oracle/jre/lib/amd64/libzip.so
7fa99c39f000-7fa99c59f000 ---p 0001a000 08:01 17842825                   /usr/lib/jvm/java-8-oracle/jre/lib/amd64/libzip.so
7fa99c59f000-7fa99c5a0000 rw-p 0001a000 08:01 17842825                   /usr/lib/jvm/java-8-oracle/jre/lib/amd64/libzip.so
7fa99c5a0000-7fa99c5ab000 r-xp 00000000 08:01 2629486                    /lib/x86_64-linux-gnu/libnss_files-2.15.so
7fa99c5ab000-7fa99c7aa000 ---p 0000b000 08:01 2629486                    /lib/x86_64-linux-gnu/libnss_files-2.15.so
7fa99c7aa000-7fa99c7ab000 r--p 0000a000 08:01 2629486                    /lib/x86_64-linux-gnu/libnss_files-2.15.so
7fa99c7ab000-7fa99c7ac000 rw-p 0000b000 08:01 2629486                    /lib/x86_64-linux-gnu/libnss_files-2.15.so
7fa99c7ac000-7fa99c7b6000 r-xp 00000000 08:01 2625080                    /lib/x86_64-linux-gnu/libnss_nis-2.15.so
7fa99c7b6000-7fa99c9b6000 ---p 0000a000 08:01 2625080                    /lib/x86_64-linux-gnu/libnss_nis-2.15.so
7fa99c9b6000-7fa99c9b7000 r--p 0000a000 08:01 2625080                    /lib/x86_64-linux-gnu/libnss_nis-2.15.so
7fa99c9b7000-7fa99c9b8000 rw-p 0000b000 08:01 2625080                    /lib/x86_64-linux-gnu/libnss_nis-2.15.so
7fa99c9b8000-7fa99c9cf000 r-xp 00000000 08:01 2625240                    /lib/x86_64-linux-gnu/libnsl-2.15.so
7fa99c9cf000-7fa99cbce000 ---p 00017000 08:01 2625240                    /lib/x86_64-linux-gnu/libnsl-2.15.so
7fa99cbce000-7fa99cbcf000 r--p 00016000 08:01 2625240                    /lib/x86_64-linux-gnu/libnsl-2.15.so
7fa99cbcf000-7fa99cbd0000 rw-p 00017000 08:01 2625240                    /lib/x86_64-linux-gnu/libnsl-2.15.so
7fa99cbd0000-7fa99cbd2000 rw-p 00000000 00:00 0 
7fa99cbd2000-7fa99cbda000 r-xp 00000000 08:01 2629482                    /lib/x86_64-linux-gnu/libnss_compat-2.15.so
7fa99cbda000-7fa99cdd9000 ---p 00008000 08:01 2629482                    /lib/x86_64-linux-gnu/libnss_compat-2.15.so
7fa99cdd9000-7fa99cdda000 r--p 00007000 08:01 2629482                    /lib/x86_64-linux-gnu/libnss_compat-2.15.so
7fa99cdda000-7fa99cddb000 rw-p 00008000 08:01 2629482                    /lib/x86_64-linux-gnu/libnss_compat-2.15.so
7fa99cddb000-7fa99ce05000 r-xp 00000000 08:01 17842852                   /usr/lib/jvm/java-8-oracle/jre/lib/amd64/libjava.so
7fa99ce05000-7fa99d005000 ---p 0002a000 08:01 17842852                   /usr/lib/jvm/java-8-oracle/jre/lib/amd64/libjava.so
7fa99d005000-7fa99d007000 rw-p 0002a000 08:01 17842852                   /usr/lib/jvm/java-8-oracle/jre/lib/amd64/libjava.so
7fa99d007000-7fa99d014000 r-xp 00000000 08:01 17842820                   /usr/lib/jvm/java-8-oracle/jre/lib/amd64/libverify.so
7fa99d014000-7fa99d214000 ---p 0000d000 08:01 17842820                   /usr/lib/jvm/java-8-oracle/jre/lib/amd64/libverify.so
7fa99d214000-7fa99d216000 rw-p 0000d000 08:01 17842820                   /usr/lib/jvm/java-8-oracle/jre/lib/amd64/libverify.so
7fa99d216000-7fa99d21d000 r-xp 00000000 08:01 2625126                    /lib/x86_64-linux-gnu/librt-2.15.so
7fa99d21d000-7fa99d41c000 ---p 00007000 08:01 2625126                    /lib/x86_64-linux-gnu/librt-2.15.so
7fa99d41c000-7fa99d41d000 r--p 00006000 08:01 2625126                    /lib/x86_64-linux-gnu/librt-2.15.so
7fa99d41d000-7fa99d41e000 rw-p 00007000 08:01 2625126                    /lib/x86_64-linux-gnu/librt-2.15.so
7fa99d41e000-7fa99d519000 r-xp 00000000 08:01 2629490                    /lib/x86_64-linux-gnu/libm-2.15.so
7fa99d519000-7fa99d718000 ---p 000fb000 08:01 2629490                    /lib/x86_64-linux-gnu/libm-2.15.so
7fa99d718000-7fa99d719000 r--p 000fa000 08:01 2629490                    /lib/x86_64-linux-gnu/libm-2.15.so
7fa99d719000-7fa99d71a000 rw-p 000fb000 08:01 2629490                    /lib/x86_64-linux-gnu/libm-2.15.so
7fa99d71a000-7fa99e3da000 r-xp 00000000 08:01 17842860                   /usr/lib/jvm/java-8-oracle/jre/lib/amd64/server/libjvm.so
7fa99e3da000-7fa99e5da000 ---p 00cc0000 08:01 17842860                   /usr/lib/jvm/java-8-oracle/jre/lib/amd64/server/libjvm.so
7fa99e5da000-7fa99e6b2000 rw-p 00cc0000 08:01 17842860                   /usr/lib/jvm/java-8-oracle/jre/lib/amd64/server/libjvm.so
7fa99e6b2000-7fa99e6fd000 rw-p 00000000 00:00 0 
7fa99e6fd000-7fa99e8b1000 r-xp 00000000 08:01 2625230                    /lib/x86_64-linux-gnu/libc-2.15.so
7fa99e8b1000-7fa99eab0000 ---p 001b4000 08:01 2625230                    /lib/x86_64-linux-gnu/libc-2.15.so
7fa99eab0000-7fa99eab4000 r--p 001b3000 08:01 2625230                    /lib/x86_64-linux-gnu/libc-2.15.so
7fa99eab4000-7fa99eab6000 rw-p 001b7000 08:01 2625230                    /lib/x86_64-linux-gnu/libc-2.15.so
7fa99eab6000-7fa99eabb000 rw-p 00000000 00:00 0 
7fa99eabb000-7fa99eabd000 r-xp 00000000 08:01 2625064                    /lib/x86_64-linux-gnu/libdl-2.15.so
7fa99eabd000-7fa99ecbd000 ---p 00002000 08:01 2625064                    /lib/x86_64-linux-gnu/libdl-2.15.so
7fa99ecbd000-7fa99ecbe000 r--p 00002000 08:01 2625064                    /lib/x86_64-linux-gnu/libdl-2.15.so
7fa99ecbe000-7fa99ecbf000 rw-p 00003000 08:01 2625064                    /lib/x86_64-linux-gnu/libdl-2.15.so
7fa99ecbf000-7fa99ecd4000 r-xp 00000000 08:01 24547795                   /usr/lib/jvm/java-8-oracle/lib/amd64/jli/libjli.so
7fa99ecd4000-7fa99eed4000 ---p 00015000 08:01 24547795                   /usr/lib/jvm/java-8-oracle/lib/amd64/jli/libjli.so
7fa99eed4000-7fa99eed5000 rw-p 00015000 08:01 24547795                   /usr/lib/jvm/java-8-oracle/lib/amd64/jli/libjli.so
7fa99eed5000-7fa99eeed000 r-xp 00000000 08:01 2625244                    /lib/x86_64-linux-gnu/libpthread-2.15.so
7fa99eeed000-7fa99f0ec000 ---p 00018000 08:01 2625244                    /lib/x86_64-linux-gnu/libpthread-2.15.so
7fa99f0ec000-7fa99f0ed000 r--p 00017000 08:01 2625244                    /lib/x86_64-linux-gnu/libpthread-2.15.so
7fa99f0ed000-7fa99f0ee000 rw-p 00018000 08:01 2625244                    /lib/x86_64-linux-gnu/libpthread-2.15.so
7fa99f0ee000-7fa99f0f2000 rw-p 00000000 00:00 0 
7fa99f0f2000-7fa99f114000 r-xp 00000000 08:01 2629480                    /lib/x86_64-linux-gnu/ld-2.15.so
7fa99f13b000-7fa99f13c000 rw-p 00000000 00:00 0 
7fa99f13c000-7fa99f14b000 r--s 000df000 08:01 18498936                   /home/chandrasekhar/OpenPeak/tools/adt-bundle-linux-x86_64/sdk/build-tools/23.0.2/lib/dx.jar
7fa99f14b000-7fa99f1ef000 rw-p 00000000 00:00 0 
7fa99f1ef000-7fa99f1f2000 ---p 00000000 00:00 0 
7fa99f1f2000-7fa99f308000 rw-p 00000000 00:00 0 
7fa99f308000-7fa99f310000 rw-s 00000000 08:01 29652918                   /tmp/hsperfdata_chandrasekhar/6856
7fa99f310000-7fa99f311000 rw-p 00000000 00:00 0 
7fa99f311000-7fa99f312000 ---p 00000000 00:00 0 
7fa99f312000-7fa99f314000 rw-p 00000000 00:00 0 
7fa99f314000-7fa99f315000 r--p 00022000 08:01 2629480                    /lib/x86_64-linux-gnu/ld-2.15.so
7fa99f315000-7fa99f317000 rw-p 00023000 08:01 2629480                    /lib/x86_64-linux-gnu/ld-2.15.so
7ffe6396c000-7ffe6398d000 rw-p 00000000 00:00 0                          [stack]
7ffe639c1000-7ffe639c2000 r-xp 00000000 00:00 0                          [vdso]
ffffffffff600000-ffffffffff601000 r-xp 00000000 00:00 0                  [vsyscall]

VM Arguments:
jvm_args: -Djava.awt.headless=true -Xmx1024M -Dfile.encoding=UTF-8 -Duser.country=IN -Duser.language=en -Duser.variant 
java_command: com.android.dx.command.Main --dex --num-threads=4 --multi-dex --main-dex-list /home/chandrasekhar/inkoniq/SourceCode/whatsloan-android/app/build/intermediates/multi-dex/debug/maindexlist.txt --output /home/chandrasekhar/inkoniq/SourceCode/whatsloan-android/app/build/intermediates/transforms/dex/debug/folders/1000/1f/main /home/chandrasekhar/inkoniq/SourceCode/whatsloan-android/app/build/intermediates/transforms/jarMerging/debug/jars/1/1f/combined.jar
java_class_path (initial): /home/chandrasekhar/OpenPeak/tools/adt-bundle-linux-x86_64/sdk/build-tools/23.0.2/lib/dx.jar
Launcher Type: SUN_STANDARD

Environment Variables:
JAVA_HOME=/usr/lib/jvm/java-8-oracle
PATH=/usr/lib/lightdm/lightdm:/usr/local/sbin:/usr/local/bin:/usr/sbin:/usr/bin:/sbin:/bin:/usr/games:/usr/lib/jvm/java-8-oracle/bin:/usr/lib/jvm/java-8-oracle/db/bin:/usr/lib/jvm/java-8-oracle/jre/bin
LD_LIBRARY_PATH=/home/chandrasekhar/android-studio 1.5.1/bin:
SHELL=/bin/bash
DISPLAY=:0.0

Signal Handlers:
SIGSEGV: [libjvm.so+0xabca10], sa_mask[0]=11111111011111111101111111111110, sa_flags=SA_RESTART|SA_SIGINFO
SIGBUS: [libjvm.so+0xabca10], sa_mask[0]=11111111011111111101111111111110, sa_flags=SA_RESTART|SA_SIGINFO
SIGFPE: [libjvm.so+0x919a20], sa_mask[0]=11111111011111111101111111111110, sa_flags=SA_RESTART|SA_SIGINFO
SIGPIPE: [libjvm.so+0x919a20], sa_mask[0]=11111111011111111101111111111110, sa_flags=SA_RESTART|SA_SIGINFO
SIGXFSZ: [libjvm.so+0x919a20], sa_mask[0]=11111111011111111101111111111110, sa_flags=SA_RESTART|SA_SIGINFO
SIGILL: [libjvm.so+0x919a20], sa_mask[0]=11111111011111111101111111111110, sa_flags=SA_RESTART|SA_SIGINFO
SIGUSR1: SIG_DFL, sa_mask[0]=00000000000000000000000000000000, sa_flags=none
SIGUSR2: [libjvm.so+0x91b050], sa_mask[0]=00100000000000000000000000000000, sa_flags=SA_RESTART|SA_SIGINFO
SIGHUP: [libjvm.so+0x91c450], sa_mask[0]=11111111011111111101111111111110, sa_flags=SA_RESTART|SA_SIGINFO
SIGINT: [libjvm.so+0x91c450], sa_mask[0]=11111111011111111101111111111110, sa_flags=SA_RESTART|SA_SIGINFO
SIGTERM: [libjvm.so+0x91c450], sa_mask[0]=11111111011111111101111111111110, sa_flags=SA_RESTART|SA_SIGINFO
SIGQUIT: [libjvm.so+0x91c450], sa_mask[0]=11111111011111111101111111111110, sa_flags=SA_RESTART|SA_SIGINFO


---------------  S Y S T E M  ---------------

OS:DISTRIB_ID=Ubuntu
DISTRIB_RELEASE=12.04
DISTRIB_CODENAME=precise
DISTRIB_DESCRIPTION="Ubuntu 12.04.5 LTS"

uname:Linux 3.2.0-104-generic #145-Ubuntu SMP Thu Jun 9 09:53:18 UTC 2016 x86_64
libc:glibc 2.15 NPTL 2.15 
rlimit: STACK 8192k, CORE 0k, NPROC 76551, NOFILE 4096, AS infinity
load average:7.48 10.04 5.50

/proc/meminfo:
MemTotal:        9816104 kB
MemFree:          961540 kB
Buffers:          625740 kB
Cached:          1142484 kB
SwapCached:            0 kB
Active:          6357412 kB
Inactive:        1596548 kB
Active(anon):    5576628 kB
Inactive(anon):   989180 kB
Active(file):     780784 kB
Inactive(file):   607368 kB
Unevictable:          56 kB
Mlocked:              56 kB
SwapTotal:      10051580 kB
SwapFree:       10030320 kB
Dirty:             12944 kB
Writeback:             0 kB
AnonPages:       6186124 kB
Mapped:           378128 kB
Shmem:            380072 kB
Slab:             667744 kB
SReclaimable:     627360 kB
SUnreclaim:        40384 kB
KernelStack:        6376 kB
PageTables:        61572 kB
NFS_Unstable:          0 kB
Bounce:                0 kB
WritebackTmp:          0 kB
CommitLimit:    14959632 kB
Committed_AS:   13269920 kB
VmallocTotal:   34359738367 kB
VmallocUsed:      383520 kB
VmallocChunk:   34359350792 kB
HardwareCorrupted:     0 kB
AnonHugePages:         0 kB
HugePages_Total:       0
HugePages_Free:        0
HugePages_Rsvd:        0
HugePages_Surp:        0
Hugepagesize:       2048 kB
DirectMap4k:       71480 kB
DirectMap2M:     9984000 kB


CPU:total 4 (2 cores per cpu, 2 threads per core) family 6 model 58 stepping 9, cmov, cx8, fxsr, mmx, sse, sse2, sse3, ssse3, sse4.1, sse4.2, popcnt, avx, clmul, erms, ht, tsc, tscinvbit, tscinv

/proc/cpuinfo:
processor	: 0
vendor_id	: GenuineIntel
cpu family	: 6
model		: 58
model name	: Intel(R) Core(TM) i3-3110M CPU @ 2.40GHz
stepping	: 9
microcode	: 0x17
cpu MHz		: 2400.000
cache size	: 3072 KB
physical id	: 0
siblings	: 4
core id		: 0
cpu cores	: 2
apicid		: 0
initial apicid	: 0
fpu		: yes
fpu_exception	: yes
cpuid level	: 13
wp		: yes
flags		: fpu vme de pse tsc msr pae mce cx8 apic sep mtrr pge mca cmov pat pse36 clflush dts acpi mmx fxsr sse sse2 ss ht tm pbe syscall nx rdtscp lm constant_tsc arch_perfmon pebs bts rep_good nopl xtopology nonstop_tsc aperfmperf pni pclmulqdq dtes64 monitor ds_cpl vmx est tm2 ssse3 cx16 xtpr pdcm pcid sse4_1 sse4_2 x2apic popcnt tsc_deadline_timer xsave avx f16c lahf_lm arat epb xsaveopt pln pts dtherm tpr_shadow vnmi flexpriority ept vpid fsgsbase smep erms
bogomips	: 4789.10
clflush size	: 64
cache_alignment	: 64
address sizes	: 36 bits physical, 48 bits virtual
power management:

processor	: 1
vendor_id	: GenuineIntel
cpu family	: 6
model		: 58
model name	: Intel(R) Core(TM) i3-3110M CPU @ 2.40GHz
stepping	: 9
microcode	: 0x17
cpu MHz		: 2400.000
cache size	: 3072 KB
physical id	: 0
siblings	: 4
core id		: 0
cpu cores	: 2
apicid		: 1
initial apicid	: 1
fpu		: yes
fpu_exception	: yes
cpuid level	: 13
wp		: yes
flags		: fpu vme de pse tsc msr pae mce cx8 apic sep mtrr pge mca cmov pat pse36 clflush dts acpi mmx fxsr sse sse2 ss ht tm pbe syscall nx rdtscp lm constant_tsc arch_perfmon pebs bts rep_good nopl xtopology nonstop_tsc aperfmperf pni pclmulqdq dtes64 monitor ds_cpl vmx est tm2 ssse3 cx16 xtpr pdcm pcid sse4_1 sse4_2 x2apic popcnt tsc_deadline_timer xsave avx f16c lahf_lm arat epb xsaveopt pln pts dtherm tpr_shadow vnmi flexpriority ept vpid fsgsbase smep erms
bogomips	: 4788.89
clflush size	: 64
cache_alignment	: 64
address sizes	: 36 bits physical, 48 bits virtual
power management:

processor	: 2
vendor_id	: GenuineIntel
cpu family	: 6
model		: 58
model name	: Intel(R) Core(TM) i3-3110M CPU @ 2.40GHz
stepping	: 9
microcode	: 0x17
cpu MHz		: 2400.000
cache size	: 3072 KB
physical id	: 0
siblings	: 4
core id		: 1
cpu cores	: 2
apicid		: 2
initial apicid	: 2
fpu		: yes
fpu_exception	: yes
cpuid level	: 13
wp		: yes
flags		: fpu vme de pse tsc msr pae mce cx8 apic sep mtrr pge mca cmov pat pse36 clflush dts acpi mmx fxsr sse sse2 ss ht tm pbe syscall nx rdtscp lm constant_tsc arch_perfmon pebs bts rep_good nopl xtopology nonstop_tsc aperfmperf pni pclmulqdq dtes64 monitor ds_cpl vmx est tm2 ssse3 cx16 xtpr pdcm pcid sse4_1 sse4_2 x2apic popcnt tsc_deadline_timer xsave avx f16c lahf_lm arat epb xsaveopt pln pts dtherm tpr_shadow vnmi flexpriority ept vpid fsgsbase smep erms
bogomips	: 4788.90
clflush size	: 64
cache_alignment	: 64
address sizes	: 36 bits physical, 48 bits virtual
power management:

processor	: 3
vendor_id	: GenuineIntel
cpu family	: 6
model		: 58
model name	: Intel(R) Core(TM) i3-3110M CPU @ 2.40GHz
stepping	: 9
microcode	: 0x17
cpu MHz		: 2400.000
cache size	: 3072 KB
physical id	: 0
siblings	: 4
core id		: 1
cpu cores	: 2
apicid		: 3
initial apicid	: 3
fpu		: yes
fpu_exception	: yes
cpuid level	: 13
wp		: yes
flags		: fpu vme de pse tsc msr pae mce cx8 apic sep mtrr pge mca cmov pat pse36 clflush dts acpi mmx fxsr sse sse2 ss ht tm pbe syscall nx rdtscp lm constant_tsc arch_perfmon pebs bts rep_good nopl xtopology nonstop_tsc aperfmperf pni pclmulqdq dtes64 monitor ds_cpl vmx est tm2 ssse3 cx16 xtpr pdcm pcid sse4_1 sse4_2 x2apic popcnt tsc_deadline_timer xsave avx f16c lahf_lm arat epb xsaveopt pln pts dtherm tpr_shadow vnmi flexpriority ept vpid fsgsbase smep erms
bogomips	: 4788.90
clflush size	: 64
cache_alignment	: 64
address sizes	: 36 bits physical, 48 bits virtual
power management:



Memory: 4k page, physical 9816104k(961540k free), swap 10051580k(10030320k free)

vm_info: Java HotSpot(TM) 64-Bit Server VM (25.91-b14) for linux-amd64 JRE (1.8.0_91-b14), built on Apr  1 2016 00:57:21 by "java_re" with gcc 4.3.0 20080428 (Red Hat 4.3.0-8)

time: Mon Jun 20 12:45:40 2016
elapsed time: 8 seconds (0d 0h 0m 8s)

